make all --print-data-base --no-builtin-variables --no-builtin-rules --question
make: *** No rule to make target 'all'.  Stop.
 
# GNU Make 4.3
# Built for x86_64-pc-linux-gnu
# Copyright (C) 1988-2020 Free Software Foundation, Inc.
# License GPLv3+: GNU GPL version 3 or later <http://gnu.org/licenses/gpl.html>
# This is free software: you are free to change and redistribute it.
# There is NO WARRANTY, to the extent permitted by law.

# Make data base, printed on Fri Feb 18 23:37:37 2022

# Variables

# environment
GO111MODULE = on
# environment
GDK_BACKEND = x11
# environment
LC_ALL = C
# environment
NO_AT_BRIDGE = 1
# environment
GIT_USER = easy-quest
# environment
GTK_RC_FILES = /etc/gtk/gtkrc:/home/zzz/.gtkrc:/home/zzz/.config/gtkrc
# environment
STARSHIP_SESSION_KEY = 9091498481217558
# environment
VSCODE_IPC_HOOK_EXTHOST = /run/user/1000/vscode-ipc-987cebe6-689f-441e-a556-c3cce81737b5.sock
# environment
LC_NAME = ru_RU.UTF-8
# environment
LC_NUMERIC = ru_RU.UTF-8
# environment
VSCODE_CWD = /home/zzz/Рабочий стол/my-docs
# environment
WINDOWID = 56623106
# environment
DIRENV_WATCHES = eJxszkFOhTAQANCrmK7xT6dQSti7NHFvXLTTIZDAbwL1qxgXuvEaHkF3GpN_huFG7g0XeHm3z-rG5161Cvo0MazrCvIhn_Il5-1dvuXnYnvd3uQsvzA9XcZECxz4eJpJFeo6xTxMrFqsK2uwtqUt1NXjsORFtXm-55dihz-MifwIS-9nhjjMfDyBH8f0AAHRBM1MwblKR6oa48tokFFrFx1Z7KzTteli6QkphNJ3jkLTOG40V91uqf5XuvsLAAD__1ywVQ8=
# environment
UBUNTU_MENUPROXY = 1
# environment
NVM_DIR = /home/zzz/.nvm
# environment
LC_ADDRESS = ru_RU.UTF-8
# default
MAKE_COMMAND := make
# environment
GOPATH = /home/zzz/go
# automatic
@D = $(patsubst %/,%,$(dir $@))
# environment
MYVIMRC = /home/zzz/.vimrc
# environment
VSCODE_HANDLES_UNCAUGHT_ERRORS = true
# default
.VARIABLES := 
# environment
PWD = /home/zzz/Рабочий стол/my-docs
# automatic
%D = $(patsubst %/,%,$(dir $%))
# environment
MAIL = /var/spool/mail/zzz
# environment
TELEGRAM_CHAT = 5158312311
# automatic
^D = $(patsubst %/,%,$(dir $^))
# environment
VSCODE_LOG_STACK = false
# automatic
%F = $(notdir $%)
# environment
ALACRITTY_SOCKET = /run/user/1000/Alacritty-:1-15396.sock
# environment
VSCODE_CODE_CACHE_PATH = /home/zzz/.config/Code - OSS/CachedData/f80445acd5a3dadef24aa209168452a3d97cc326
# environment
XDG_SESSION_PATH = /org/freedesktop/DisplayManager/Session3
# environment
LANG = C
# environment
XAUTHORITY = /home/zzz/.Xauthority
# default
.LOADED := 
# environment
USE_SSH = true
# default
.INCLUDE_DIRS = /usr/include /usr/local/include /usr/include
# makefile
MAKEFLAGS = pqrR
# makefile
CURDIR := /home/zzz/Рабочий стол/my-docs
# environment
VSCODE_PIPE_LOGGING = true
# environment
MCFLY_SESSION_ID = fzutu3LEyMTgsXpWOHbrOvqy
# environment
APPLICATION_INSIGHTS_NO_DIAGNOSTIC_CHANNEL = true
# automatic
*D = $(patsubst %/,%,$(dir $*))
# environment
PAM_KWALLET5_LOGIN = /run/user/1000/kwallet5.socket
# environment
MFLAGS = -pqrR
# default
.SHELLFLAGS := -c
# environment
XDG_CONFIG_DIRS = /home/zzz/.config/kdedefaults:/etc/xdg
# environment
NPM_CONFIG_PREFIX = /home/zzz/.npm-global
# automatic
+D = $(patsubst %/,%,$(dir $+))
# environment
OMF_PATH = /home/zzz/.local/share/omf
# environment
XCURSOR_THEME = breeze_cursors
# environment
XDG_SESSION_DESKTOP = KDE
# environment
VSCODE_CRASH_REPORTER_START_OPTIONS = {"companyName":"Microsoft","productName":"Code - OSS","submitURL":"","uploadToServer":false}
# makefile (from 'Makefile', line 1)
MAKEFILE_LIST := Makefile
# automatic
@F = $(notdir $@)
# environment
VSCODE_VERBOSE_LOGGING = true
# environment
VSCODE_PID = 89076
# environment
XDG_SESSION_TYPE = x11
# automatic
?D = $(patsubst %/,%,$(dir $?))
# environment
MANPAGER = sh -c 'col -bx | bat -l man -p'
# environment
SESSION_MANAGER = local/develop:@/tmp/.ICE-unix/13561,unix/develop:/tmp/.ICE-unix/13561
# automatic
*F = $(notdir $*)
# environment
CHROME_DESKTOP = code-oss.desktop
# environment
DBUS_SESSION_BUS_ADDRESS = unix:path=/run/user/1000/bus
# environment
HTTP_PROXY = socks5://127.0.0.1:9050
# automatic
<D = $(patsubst %/,%,$(dir $<))
# environment
VSCODE_NLS_CONFIG = {"locale":"ru","availableLanguages":{"*":"ru"},"_languagePackId":"b0850cb5d8440d61864b574b572701ac.ru","_translationsConfigFile":"/home/zzz/.config/Code - OSS/clp/b0850cb5d8440d61864b574b572701ac.ru/tcf.json","_cacheRoot":"/home/zzz/.config/Code - OSS/clp/b0850cb5d8440d61864b574b572701ac.ru","_resolvedLanguagePackCoreLocation":"/home/zzz/.config/Code - OSS/clp/b0850cb5d8440d61864b574b572701ac.ru/f80445acd5a3dadef24aa209168452a3d97cc326","_corruptedFile":"/home/zzz/.config/Code - OSS/clp/b0850cb5d8440d61864b574b572701ac.ru/corrupted.info","_languagePackSupport":true}
# environment
BREAKPAD_DUMP_LOCATION = /home/zzz/.config/Code - OSS/exthost Crash Reports
# default
MAKE_HOST := x86_64-pc-linux-gnu
# environment
MCFLY_HISTFILE = /home/zzz/.local/share/fish/fish_history
# makefile
SHELL = /bin/sh
# default
MAKECMDGOALS := all
# environment
SHLVL = 2
# environment
MAKELEVEL := 0
# default
MAKE = $(MAKE_COMMAND)
# environment
PATH = /home/zzz/bin:/home/zzz/.npm-global/bin:/opt/asdf-vm/bin:/home/zzz/.local/bin:/usr/local/sbin:/usr/local/bin:/usr/bin:/usr/bin/site_perl:/usr/bin/vendor_perl:/usr/bin/core_perl
# default
MAKEFILES := 
# environment
LANGUAGE = ru:en_US
# environment
LC_MONETARY = ru_RU.UTF-8
# environment
MOTD_SHOWN = pam
# automatic
^F = $(notdir $^)
# environment
LC_TIME = ru_RU.UTF-8
# environment
GOBIN = /home/zzz/go/bin
# environment
VSCODE_LOG_NATIVE = false
# environment
LC_TELEPHONE = ru_RU.UTF-8
# automatic
?F = $(notdir $?)
# environment
KDE_APPLICATIONS_AS_SCOPE = 1
# environment
XDG_SEAT = seat0
# environment
XDG_CURRENT_DESKTOP = KDE
# environment
ALACRITTY_LOG = /tmp/Alacritty-15396.log
# automatic
+F = $(notdir $+)
# environment
XDG_SEAT_PATH = /org/freedesktop/DisplayManager/Seat0
# environment
DESKTOP_SESSION = plasma
# environment
ORIGINAL_XDG_CURRENT_DESKTOP = KDE
# 'override' directive
GNUMAKEFLAGS := 
# environment
DIRENV_FILE = /home/zzz/Рабочий стол/my-docs/.envrc
# environment
LOGNAME = zzz
# environment
TELEGRAM_TOKEN = 5286103695:AAG-rpkr9MpppTDYJStV7l9RkICdS6jVFY8
# environment
XDG_VTNR = 2
# makefile
.DEFAULT_GOAL := start
# environment
SYSTEMD_EXEC_PID = 12722
# environment
EDITOR = emacs
# environment
DISPLAY = :1
# environment
GTK_MODULES = canberra-gtk-module:appmenu-gtk-module
# environment
USER = zzz
# default
MAKE_VERSION := 4.3
# environment
KDE_SESSION_UID = 1000
# environment
DIRENV_DIR = -/home/zzz/Рабочий стол/my-docs
# environment
TELEGRAM_URL = https://api.telegram.org/bot
# environment
LC_MEASUREMENT = ru_RU.UTF-8
# environment
STARSHIP_SHELL = fish
# environment
_ = /usr/bin/make
# environment
LC_PAPER = ru_RU.UTF-8
# environment
XDG_RUNTIME_DIR = /run/user/1000
# environment
COLORTERM = truecolor
# environment
DIRENV_DIFF = eJyM0UuumlAcgPGtNP-xVKmCStIBFziAAoaHljohXjleFAF5nAMe46CddBtdQjtr0-SuAXfUdNB02gX8vsl3gwtIt_sAcpBuoJqe5mwi1fRAAm6YFBkeMsaG_df-W_-9f3186X_0P988Pj0-96_9r2F25eJiX8Pgr0SmpYEE_y2Hb3FOq_2_wAc5UAzNBwnwoqtZilZJILuyo1TZctoFYuz6zXHqGIiGVhCYW1V-bi2-7F5CQrWdkaKxfnGihCB9-jIKsZGNGVfpAi_yCi1G9o5VCjWTPDLPAsfHlIT5x5zGY-LWlMnzcL_VlI5N8OKyQLgQu6CzK1TWy3ekbcp1wzvhqV55qAkzThDiY8I4-3hoTZ-b58npZB_U65MxO4xk2fCebN5un89LTyx2k1lTpAhVqOO30yULGnw-im56SZzF-JRawUqfjDZznpQHISS0tmRZjSL-2m7c2XsYgG4G0drX_kzBu_rKlQTXDQxg7WuR7xsgQVMRDPf77wAAAP__kTOokA==
# environment
XDG_SESSION_CLASS = user
# environment
VSCODE_AMD_ENTRYPOINT = vs/workbench/services/extensions/node/extensionHostProcess
# environment
GTK2_RC_FILES = /etc/gtk-2.0/gtkrc:/home/zzz/.gtkrc-2.0:/home/zzz/.config/gtkrc-2.0
# environment
HOME = /home/zzz
# environment
ELECTRON_RUN_AS_NODE = 1
# environment
VSCODE_IPC_HOOK = /run/user/1000/vscode-d994c727-1.64.2-main.sock
# environment
TERM = alacritty
# environment
xpyc = 
# environment
XDG_SESSION_ID = 5
# environment
XCURSOR_SIZE = 24
# environment
GOPROXY = https://goproxy.cn
# default
.RECIPEPREFIX := 
# automatic
<F = $(notdir $<)
# default
SUFFIXES := 
# environment
QT_AUTO_SCREEN_SCALE_FACTOR = 0
# environment
VSCODE_CLI = 1
# environment
ELECTRON_NO_ATTACH_CONSOLE = 1
# environment
KDE_SESSION_VERSION = 5
 
# default
.FEATURES := target-specific order-only second-expansion else-if shortest-stem undefine oneshell nocomment grouped-target extra-prereqs archives jobserver output-sync check-symlink guile load
# environment
KDE_FULL_SESSION = true
# environment
LC_IDENTIFICATION = ru_RU.UTF-8
# environment
OMF_CONFIG = /home/zzz/.config/omf
# variable set hash-table stats:
# Load=138/1024=13%, Rehash=0, Collisions=15/168=9%

# Pattern-specific Variable Values

# No pattern-specific variable values.

# Directories

# . (device 42, inode 3088035): 28 files, no impossibilities.

# 28 files, no impossibilities in 1 directories.

# Implicit Rules

# No implicit rules.

# Files

deploy: test
#  Implicit rule search has not been done.
#  Modification time never checked.
#  File has not been updated.
#  recipe to execute (from 'Makefile', line 15):
	GIT_USER=easy-quest
	USE_SSH=true
	node_modules/.bin/docusaurus deploy

start:
#  Implicit rule search has not been done.
#  Modification time never checked.
#  File has not been updated.
#  recipe to execute (from 'Makefile', line 2):
	yarn run start

# Not a target:
Makefile:
#  Implicit rule search has been done.
#  Last modified 2022-02-18 15:10:20.63934111
#  File has been updated.
#  Successfully updated.

clear:
#  Implicit rule search has not been done.
#  Modification time never checked.
#  File has not been updated.
#  recipe to execute (from 'Makefile', line 20):
	rm -Rf ./build

# Not a target:
.DEFAULT:
#  Implicit rule search has not been done.
#  Modification time never checked.
#  File has not been updated.

# Not a target:
all:
#  Command line target.
#  Implicit rule search has been done.
#  File does not exist.
#  File has not been updated.

build:
#  Implicit rule search has not been done.
#  Modification time never checked.
#  File has not been updated.
#  recipe to execute (from 'Makefile', line 5):
	yarn run build
	

test:
#  Implicit rule search has not been done.
#  Modification time never checked.
#  File has not been updated.
#  recipe to execute (from 'Makefile', line 11):
	export GIT_USER=easy-quest;echo ${GIT_USER}
	export USE_SSH=true;echo ${USE_SSH}

install:
#  Implicit rule search has not been done.
#  Modification time never checked.
#  File has not been updated.
#  recipe to execute (from 'Makefile', line 8):
	yarn upgrade @docusaurus/core@latest @docusaurus/preset-classic@latest;direnv allow

# files hash-table stats:
# Load=10/1024=1%, Rehash=0, Collisions=0/21=0%
# VPATH Search Paths

# No 'vpath' search paths.

# No general ('VPATH' variable) search path.

# strcache buffers: 1 (0) / strings = 38 / storage = 367 B / avg = 9 B
# current buf: size = 8162 B / used = 367 B / count = 38 / avg = 9 B

# strcache performance: lookups = 50 / hit rate = 24%
# hash-table stats:
# Load=38/8192=0%, Rehash=0, Collisions=0/50=0%
# Finished Make data base on Fri Feb 18 23:37:37 2022

 
